INFO 2025-11-28 10:09:16,281 project views User admin visited Home page. Sliders: 4, Feature Sliders: 4, AcceptancePayments: 4, Categories: 3, Top Deals: 2, Featured Products: 0
INFO 2025-11-28 20:06:50,140 project views User Anonymous visited Home page. Sliders: 4, Feature Sliders: 4, AcceptancePayments: 4, Categories: 3, Top Deals: 2, Featured Products: 0
INFO 2025-11-28 21:16:27,396 project views User Anonymous visited Home page. Sliders: 4, Feature Sliders: 4, AcceptancePayments: 4, Categories: 3, Top Deals: 2, Featured Products: 0
INFO 2025-11-28 21:16:36,886 project views User admin visited Home page. Sliders: 4, Feature Sliders: 4, AcceptancePayments: 4, Categories: 3, Top Deals: 2, Featured Products: 0
INFO 2025-11-28 21:17:26,653 project views User admin visited Home page. Sliders: 4, Feature Sliders: 4, AcceptancePayments: 4, Categories: 3, Top Deals: 2, Featured Products: 0
INFO 2025-11-28 21:27:48,741 project views User Anonymous visited Home page. Sliders: 4, Feature Sliders: 4, AcceptancePayments: 4, Categories: 3, Top Deals: 2, Featured Products: 1
INFO 2025-11-28 21:32:37,536 project views User Anonymous visited Home page. Sliders: 4, Feature Sliders: 4, AcceptancePayments: 4, Categories: 3, Top Deals: 2, Featured Products: 1
INFO 2025-11-28 21:39:21,064 project views User Anonymous visited Home page. Sliders: 4, Feature Sliders: 4, AcceptancePayments: 4, Categories: 3, Top Deals: 2, Featured Products: 1
INFO 2025-11-28 21:44:38,691 project views User Anonymous visited Home page. Sliders: 4, Feature Sliders: 4, AcceptancePayments: 4, Categories: 3, Top Deals: 2, Featured Products: 1
INFO 2025-11-28 22:32:27,944 project views User Anonymous visited Home page. Sliders: 4, Feature Sliders: 4, AcceptancePayments: 4, Categories: 3, Top Deals: 2, Featured Products: 1
INFO 2025-11-28 22:32:47,309 project views User Anonymous visited Home page. Sliders: 4, Feature Sliders: 4, AcceptancePayments: 4, Categories: 3, Top Deals: 2, Featured Products: 1
INFO 2025-11-28 22:36:29,212 project views User Anonymous visited Home page. Sliders: 4, Feature Sliders: 4, AcceptancePayments: 4, Categories: 3, Top Deals: 2, Featured Products: 1
INFO 2025-11-28 22:40:45,042 project views User Anonymous visited Home page. Sliders: 4, Feature Sliders: 4, AcceptancePayments: 4, Categories: 3, Top Deals: 2, Featured Products: 1
INFO 2025-11-28 22:44:45,549 project views User Anonymous visited Home page. Sliders: 4, Feature Sliders: 4, AcceptancePayments: 4, Categories: 3, Top Deals: 2, Featured Products: 1
INFO 2025-11-28 22:47:58,217 project views User Anonymous visited Home page. Sliders: 4, Feature Sliders: 4, AcceptancePayments: 4, Categories: 3, Top Deals: 2, Featured Products: 1
INFO 2025-11-28 22:48:40,285 project views User Anonymous visited Home page. Sliders: 4, Feature Sliders: 4, AcceptancePayments: 4, Categories: 3, Top Deals: 2, Featured Products: 1
INFO 2025-11-28 22:50:32,236 project views User Anonymous visited Home page. Sliders: 4, Feature Sliders: 4, AcceptancePayments: 4, Categories: 3, Top Deals: 2, Featured Products: 1
INFO 2025-11-28 22:52:20,413 project views User Anonymous visited Home page. Sliders: 4, Feature Sliders: 4, AcceptancePayments: 4, Categories: 3, Top Deals: 2, Featured Products: 1
INFO 2025-11-28 22:52:45,507 project views User Anonymous visited Home page. Sliders: 4, Feature Sliders: 4, AcceptancePayments: 4, Categories: 3, Top Deals: 2, Featured Products: 1
INFO 2025-11-28 22:53:52,862 project views User Anonymous visited Home page. Sliders: 4, Feature Sliders: 4, AcceptancePayments: 4, Categories: 3, Top Deals: 2, Featured Products: 1
INFO 2025-11-28 23:56:01,593 project views User Anonymous visited Home page. Sliders: 4, Feature Sliders: 4, AcceptancePayments: 4, Categories: 3, Top Deals: 2, Featured Products: 1
INFO 2025-11-29 00:08:55,191 project views User admin visited Home page. Sliders: 4, Feature Sliders: 4, AcceptancePayments: 4, Categories: 3, Top Deals: 5, Featured Products: 5
INFO 2025-11-29 00:23:48,693 project views User admin visited Home page. Sliders: 4, Feature Sliders: 4, Add Sliders: 2, AcceptancePayments: 4, Categories: 3, Top Deals: 5, Featured Products: 5
INFO 2025-11-29 00:25:12,994 project views User admin visited Home page. Sliders: 4, Feature Sliders: 4, Add Sliders: 2, AcceptancePayments: 4, Categories: 3, Top Deals: 5, Featured Products: 5
INFO 2025-11-29 00:29:28,476 project views User admin visited Home page. Sliders: 4, Feature Sliders: 4, Add Sliders: 2, AcceptancePayments: 4, Categories: 3, Top Deals: 5, Featured Products: 5
INFO 2025-11-29 00:30:20,376 project views User admin visited Home page. Sliders: 4, Feature Sliders: 4, Add Sliders: 2, AcceptancePayments: 4, Categories: 3, Top Deals: 5, Featured Products: 5
INFO 2025-11-29 00:32:00,105 project views User admin visited Home page. Sliders: 4, Feature Sliders: 4, Add Sliders: 2, AcceptancePayments: 4, Categories: 3, Top Deals: 5, Featured Products: 5
INFO 2025-11-29 00:32:31,987 project views User admin visited Home page. Sliders: 4, Feature Sliders: 4, Add Sliders: 2, AcceptancePayments: 4, Categories: 3, Top Deals: 5, Featured Products: 5
INFO 2025-11-29 10:23:06,360 project views User admin visited Home page. Sliders: 4, Feature Sliders: 4, Add Sliders: 2, AcceptancePayments: 4, Categories: 3, Top Deals: 5, Featured Products: 5
INFO 2025-11-29 10:25:08,579 project views User admin visited Home page. Sliders: 4, Feature Sliders: 4, Add Sliders: 2, AcceptancePayments: 4, Categories: 3, Top Deals: 5, Featured Products: 5
INFO 2025-11-29 10:28:55,389 project views User admin visited Home page. Sliders: 4, Feature Sliders: 4, Add Sliders: 2, AcceptancePayments: 4, Categories: 3, Top Deals: 5, Featured Products: 5
INFO 2025-11-29 12:04:46,266 project views User admin visited Home page. Sliders: 4, Feature Sliders: 4, Add Sliders: 2, AcceptancePayments: 4, Categories: 3, Top Deals: 5, Featured Products: 5
INFO 2025-11-29 12:09:18,742 project views User admin visited Home page. Sliders: 4, Feature Sliders: 4, Add Sliders: 2, AcceptancePayments: 4, Categories: 3, Top Deals: 5, Featured Products: 5
INFO 2025-11-29 12:11:14,265 project views User admin visited Home page. Sliders: 4, Feature Sliders: 4, Add Sliders: 2, AcceptancePayments: 4, Categories: 3, Top Deals: 5, Featured Products: 5
INFO 2025-11-29 12:15:52,664 project views User admin visited Home page. Sliders: 4, Feature Sliders: 4, Add Sliders: 2, AcceptancePayments: 4, Categories: 3, Top Deals: 5, Featured Products: 5
INFO 2025-11-29 12:18:01,447 project views User admin visited Home page. Sliders: 4, Feature Sliders: 4, Add Sliders: 2, AcceptancePayments: 4, Categories: 3, Top Deals: 5, Featured Products: 5
INFO 2025-11-29 12:28:22,659 project views User admin visited Home page. Sliders: 4, Feature Sliders: 4, Add Sliders: 2, AcceptancePayments: 4, Categories: 3, Top Deals: 5, Featured Products: 5
INFO 2025-11-29 12:29:09,575 project views User admin visited Home page. Sliders: 4, Feature Sliders: 4, Add Sliders: 2, AcceptancePayments: 4, Categories: 3, Top Deals: 5, Featured Products: 5
INFO 2025-11-29 12:33:49,153 project views User admin visited Home page. Sliders: 4, Feature Sliders: 4, Add Sliders: 2, AcceptancePayments: 4, Categories: 3, Top Deals: 5, Featured Products: 5
INFO 2025-11-29 12:39:03,157 project views User admin visited Home page. Sliders: 4, Feature Sliders: 4, Add Sliders: 2, AcceptancePayments: 4, Categories: 3, Top Deals: 5, Featured Products: 5
INFO 2025-11-29 12:45:52,856 project views User admin visited Home page. Sliders: 4, Feature Sliders: 4, Add Sliders: 2, AcceptancePayments: 4, Categories: 3, Top Deals: 5, Featured Products: 5
INFO 2025-11-29 12:47:14,078 project views User admin visited Home page. Sliders: 4, Feature Sliders: 4, Add Sliders: 2, AcceptancePayments: 4, Categories: 3, Top Deals: 5, Featured Products: 5
INFO 2025-11-29 12:50:45,416 project views User admin visited Home page. Sliders: 4, Feature Sliders: 4, Add Sliders: 2, AcceptancePayments: 4, Categories: 3, Top Deals: 5, Featured Products: 5
INFO 2025-11-29 12:56:30,822 project views User admin visited Home page. Sliders: 4, Feature Sliders: 4, Add Sliders: 2, AcceptancePayments: 4, Categories: 3, Top Deals: 5, Featured Products: 5
INFO 2025-11-29 12:56:57,411 project views User admin visited Home page. Sliders: 4, Feature Sliders: 4, Add Sliders: 2, AcceptancePayments: 4, Categories: 3, Top Deals: 5, Featured Products: 5
INFO 2025-11-29 12:57:29,556 project views User admin visited Home page. Sliders: 4, Feature Sliders: 4, Add Sliders: 2, AcceptancePayments: 4, Categories: 3, Top Deals: 5, Featured Products: 5
INFO 2025-11-29 12:57:49,443 project views User admin visited Home page. Sliders: 4, Feature Sliders: 4, Add Sliders: 2, AcceptancePayments: 4, Categories: 3, Top Deals: 5, Featured Products: 5
INFO 2025-11-29 12:58:17,628 project views User admin visited Home page. Sliders: 4, Feature Sliders: 4, Add Sliders: 2, AcceptancePayments: 4, Categories: 3, Top Deals: 5, Featured Products: 5
INFO 2025-11-29 13:06:58,907 project views User admin visited Home page. Sliders: 4, Feature Sliders: 4, Add Sliders: 2, AcceptancePayments: 4, Categories: 3, Top Deals: 5, Featured Products: 5
INFO 2025-11-29 13:10:11,889 project views User admin visited Home page. Sliders: 4, Feature Sliders: 4, Add Sliders: 2, AcceptancePayments: 4, Categories: 3, Top Deals: 5, Featured Products: 5
INFO 2025-11-29 13:16:28,056 project views User admin visited Home page. Sliders: 4, Feature Sliders: 4, Add Sliders: 2, AcceptancePayments: 4, Categories: 3, Top Deals: 5, Featured Products: 5
INFO 2025-11-29 13:21:27,504 project views User admin visited Home page. Sliders: 4, Feature Sliders: 4, Add Sliders: 2, AcceptancePayments: 4, Categories: 3, Top Deals: 5, Featured Products: 5
INFO 2025-11-29 13:24:38,389 project views User admin visited Home page. Sliders: 4, Feature Sliders: 4, Add Sliders: 2, AcceptancePayments: 4, Categories: 3, Top Deals: 5, Featured Products: 5
INFO 2025-11-29 13:25:55,391 project views User admin visited Home page. Sliders: 4, Feature Sliders: 4, Add Sliders: 2, AcceptancePayments: 4, Categories: 3, Top Deals: 5, Featured Products: 5
INFO 2025-11-29 13:29:33,809 project views User admin visited Home page. Sliders: 4, Feature Sliders: 4, Add Sliders: 2, AcceptancePayments: 4, Categories: 3, Top Deals: 5, Featured Products: 5
INFO 2025-11-29 13:44:02,220 project views User admin visited Home page. Sliders: 4, Feature Sliders: 4, Add Sliders: 2, Promotion Sliders: 3, AcceptancePayments: 4, Categories: 3, Brands: 0, Top Deals: 5, Featured Products: 5
INFO 2025-11-29 13:48:01,961 project views User admin visited Home page. Sliders: 4, Feature Sliders: 4, Add Sliders: 2, Promotion Sliders: 3, AcceptancePayments: 4, Categories: 3, Brands: 0, Top Deals: 5, Featured Products: 5
INFO 2025-11-29 13:48:17,525 project views User admin visited Home page. Sliders: 4, Feature Sliders: 4, Add Sliders: 2, Promotion Sliders: 3, AcceptancePayments: 4, Categories: 3, Brands: 0, Top Deals: 5, Featured Products: 5
INFO 2025-11-29 13:49:03,638 project views User admin visited Home page. Sliders: 4, Feature Sliders: 4, Add Sliders: 2, Promotion Sliders: 3, AcceptancePayments: 4, Categories: 3, Brands: 5, Top Deals: 5, Featured Products: 5
INFO 2025-11-29 13:50:30,266 project views User admin visited Home page. Sliders: 4, Feature Sliders: 4, Add Sliders: 2, Promotion Sliders: 3, AcceptancePayments: 4, Categories: 3, Brands: 5, Top Deals: 5, Featured Products: 5
INFO 2025-11-29 13:52:12,230 project views User admin visited Home page. Sliders: 4, Feature Sliders: 4, Add Sliders: 2, Promotion Sliders: 3, AcceptancePayments: 4, Categories: 3, Brands: 5, Top Deals: 5, Featured Products: 5
INFO 2025-11-29 13:52:45,422 project views User admin visited Home page. Sliders: 4, Feature Sliders: 4, Add Sliders: 2, Promotion Sliders: 3, AcceptancePayments: 4, Categories: 3, Brands: 5, Top Deals: 5, Featured Products: 5
INFO 2025-11-29 13:53:05,882 project views User admin visited Home page. Sliders: 4, Feature Sliders: 4, Add Sliders: 2, Promotion Sliders: 3, AcceptancePayments: 4, Categories: 3, Brands: 5, Top Deals: 5, Featured Products: 5
INFO 2025-11-29 13:54:46,826 project views User admin visited Home page. Sliders: 4, Feature Sliders: 4, Add Sliders: 2, Promotion Sliders: 3, AcceptancePayments: 4, Categories: 3, Brands: 5, Top Deals: 5, Featured Products: 5
INFO 2025-11-29 14:17:03,113 project views User admin visited Home page. Sliders: 4, Feature Sliders: 4, Add Sliders: 2, Promotion Sliders: 3, AcceptancePayments: 4, Categories: 3, Brands: 5, Top Deals: 5, Featured Products: 5
INFO 2025-11-29 14:17:04,082 project views User admin visited Home page. Sliders: 4, Feature Sliders: 4, Add Sliders: 2, Promotion Sliders: 3, AcceptancePayments: 4, Categories: 3, Brands: 5, Top Deals: 5, Featured Products: 5
INFO 2025-11-29 14:18:48,518 project views User admin visited Home page. Sliders: 4, Feature Sliders: 4, Add Sliders: 2, Promotion Sliders: 3, AcceptancePayments: 4, Categories: 3, Brands: 5, Top Deals: 5, Featured Products: 5
INFO 2025-11-29 15:29:25,506 project views User admin visited Home page. Sliders: 4, Feature Sliders: 4, Add Sliders: 2, Promotion Sliders: 3, AcceptancePayments: 4, Categories: 3, Brands: 5, Top Deals: 5, Featured Products: 5
INFO 2025-11-29 15:30:27,472 project views User admin visited Home page. Sliders: 4, Feature Sliders: 4, Add Sliders: 2, Promotion Sliders: 3, AcceptancePayments: 4, Categories: 3, Brands: 5, Top Deals: 5, Featured Products: 5
INFO 2025-11-29 15:32:49,001 project views User admin visited Home page. Sliders: 4, Feature Sliders: 4, Add Sliders: 2, Promotion Sliders: 3, AcceptancePayments: 4, Categories: 3, Brands: 5, Top Deals: 5, Featured Products: 5
INFO 2025-11-29 15:36:41,435 project views User admin visited Home page. Sliders: 4, Feature Sliders: 4, Add Sliders: 2, Promotion Sliders: 3, AcceptancePayments: 4, Categories: 3, Brands: 5, Top Deals: 5, Featured Products: 5
INFO 2025-11-29 15:39:35,999 project views User admin visited Home page. Sliders: 4, Feature Sliders: 4, Add Sliders: 2, Promotion Sliders: 3, AcceptancePayments: 4, Categories: 3, Brands: 5, Top Deals: 5, Featured Products: 5
INFO 2025-11-29 15:43:21,750 project views User admin visited Home page. Sliders: 4, Feature Sliders: 4, Add Sliders: 2, Promotion Sliders: 3, AcceptancePayments: 4, Categories: 3, Brands: 5, Top Deals: 5, Featured Products: 5
INFO 2025-11-29 15:43:43,136 project views User admin visited Home page. Sliders: 4, Feature Sliders: 4, Add Sliders: 2, Promotion Sliders: 3, AcceptancePayments: 4, Categories: 3, Brands: 5, Top Deals: 5, Featured Products: 5
INFO 2025-11-29 15:44:23,892 project views User admin visited Home page. Sliders: 4, Feature Sliders: 4, Add Sliders: 2, Promotion Sliders: 3, AcceptancePayments: 4, Categories: 3, Brands: 5, Top Deals: 5, Featured Products: 5
INFO 2025-11-29 15:45:19,356 project views User admin visited Home page. Sliders: 4, Feature Sliders: 4, Add Sliders: 2, Promotion Sliders: 3, AcceptancePayments: 4, Categories: 3, Brands: 5, Top Deals: 5, Featured Products: 5
INFO 2025-11-29 15:45:53,035 project views User admin visited Home page. Sliders: 4, Feature Sliders: 4, Add Sliders: 2, Promotion Sliders: 3, AcceptancePayments: 4, Categories: 3, Brands: 5, Top Deals: 5, Featured Products: 5
INFO 2025-11-29 15:46:41,533 project views User admin visited Home page. Sliders: 4, Feature Sliders: 4, Add Sliders: 2, Promotion Sliders: 3, AcceptancePayments: 4, Categories: 3, Brands: 5, Top Deals: 5, Featured Products: 5
INFO 2025-11-29 15:48:24,721 project views User admin visited Home page. Sliders: 4, Feature Sliders: 4, Add Sliders: 2, Promotion Sliders: 3, AcceptancePayments: 4, Categories: 3, Brands: 5, Top Deals: 5, Featured Products: 5
INFO 2025-11-29 15:49:11,588 project views User admin visited Home page. Sliders: 4, Feature Sliders: 4, Add Sliders: 2, Promotion Sliders: 3, AcceptancePayments: 4, Categories: 3, Brands: 5, Top Deals: 5, Featured Products: 5
INFO 2025-11-29 15:49:18,291 project views User admin visited Home page. Sliders: 4, Feature Sliders: 4, Add Sliders: 2, Promotion Sliders: 3, AcceptancePayments: 4, Categories: 3, Brands: 5, Top Deals: 5, Featured Products: 5
INFO 2025-11-29 15:55:11,652 project views User admin visited Home page. Sliders: 4, Feature Sliders: 4, Add Sliders: 2, Promotion Sliders: 3, AcceptancePayments: 4, Categories: 3, Brands: 5, Top Deals: 5, Featured Products: 5
INFO 2025-11-29 15:56:50,188 project views User admin visited Home page. Sliders: 4, Feature Sliders: 4, Add Sliders: 2, Promotion Sliders: 3, AcceptancePayments: 4, Categories: 3, Brands: 5, Top Deals: 5, Featured Products: 5
INFO 2025-11-29 15:58:11,088 project views User admin visited Home page. Sliders: 4, Feature Sliders: 4, Add Sliders: 2, Promotion Sliders: 3, AcceptancePayments: 4, Categories: 3, Brands: 5, Top Deals: 5, Featured Products: 5
INFO 2025-11-29 15:58:17,830 project views User admin visited Home page. Sliders: 4, Feature Sliders: 4, Add Sliders: 2, Promotion Sliders: 3, AcceptancePayments: 4, Categories: 3, Brands: 5, Top Deals: 5, Featured Products: 5
INFO 2025-11-29 16:01:59,988 project views User admin visited Home page. Sliders: 4, Feature Sliders: 4, Add Sliders: 2, Promotion Sliders: 3, AcceptancePayments: 4, Categories: 3, Brands: 5, Top Deals: 5, Featured Products: 5
INFO 2025-11-29 16:05:40,224 project views User admin visited Home page. Sliders: 4, Feature Sliders: 4, Add Sliders: 2, Promotion Sliders: 3, AcceptancePayments: 4, Categories: 3, Brands: 5, Top Deals: 5, Featured Products: 5
INFO 2025-11-29 16:06:55,990 project views User admin visited Home page. Sliders: 4, Feature Sliders: 4, Add Sliders: 2, Promotion Sliders: 3, AcceptancePayments: 4, Categories: 3, Brands: 5, Top Deals: 5, Featured Products: 5
INFO 2025-11-29 16:07:42,386 project views User admin visited Home page. Sliders: 4, Feature Sliders: 4, Add Sliders: 2, Promotion Sliders: 3, AcceptancePayments: 4, Categories: 3, Brands: 5, Top Deals: 5, Featured Products: 5
INFO 2025-11-29 16:07:56,675 project views User admin visited Home page. Sliders: 4, Feature Sliders: 4, Add Sliders: 2, Promotion Sliders: 3, AcceptancePayments: 4, Categories: 3, Brands: 5, Top Deals: 5, Featured Products: 5
INFO 2025-11-29 17:51:46,696 project views User admin visited Home page. Sliders: 4, Feature Sliders: 4, Add Sliders: 2, Promotion Sliders: 3, AcceptancePayments: 4, Categories: 3, Brands: 5, Top Deals: 5, Featured Products: 5
INFO 2025-11-29 20:22:37,216 project views User admin visited Home page. Sliders: 4, Feature Sliders: 4, Add Sliders: 2, Promotion Sliders: 3, AcceptancePayments: 4, Categories: 3, Brands: 5, Top Deals: 5, Featured Products: 5
INFO 2025-11-29 20:24:32,317 project views User admin visited Home page. Sliders: 4, Feature Sliders: 4, Add Sliders: 2, Promotion Sliders: 3, AcceptancePayments: 4, Categories: 3, Brands: 5, Top Deals: 5, Featured Products: 5
INFO 2025-11-29 20:24:50,415 project views User admin visited Home page. Sliders: 4, Feature Sliders: 4, Add Sliders: 2, Promotion Sliders: 3, AcceptancePayments: 4, Categories: 3, Brands: 5, Top Deals: 5, Featured Products: 5
INFO 2025-11-29 21:07:51,414 project views User Anonymous visited Home page. Sliders: 0, Feature Sliders: 0, Add Sliders: 0, Promotion Sliders: 0, AcceptancePayments: 0, Categories: 0, Brands: 0, Top Deals: 0, Featured Products: 0
INFO 2025-11-30 05:16:41,905 project views User admin visited Home page. Sliders: 0, Feature Sliders: 0, Add Sliders: 0, Promotion Sliders: 0, AcceptancePayments: 0, Categories: 0, Brands: 0, Top Deals: 0, Featured Products: 0
INFO 2025-11-30 05:21:17,142 project views User admin visited Home page. Sliders: 0, Feature Sliders: 0, Add Sliders: 0, Promotion Sliders: 0, AcceptancePayments: 0, Categories: 0, Brands: 0, Top Deals: 0, Featured Products: 0
INFO 2025-11-30 05:21:39,635 project views User admin visited Home page. Sliders: 0, Feature Sliders: 0, Add Sliders: 0, Promotion Sliders: 0, AcceptancePayments: 0, Categories: 1, Brands: 0, Top Deals: 0, Featured Products: 0
INFO 2025-11-30 05:24:40,238 project views User admin visited Home page. Sliders: 0, Feature Sliders: 0, Add Sliders: 0, Promotion Sliders: 0, AcceptancePayments: 0, Categories: 2, Brands: 0, Top Deals: 0, Featured Products: 0
INFO 2025-11-30 05:25:28,945 project views User admin visited Home page. Sliders: 0, Feature Sliders: 0, Add Sliders: 0, Promotion Sliders: 0, AcceptancePayments: 0, Categories: 3, Brands: 0, Top Deals: 0, Featured Products: 0
INFO 2025-11-30 05:29:03,909 project views User admin visited Home page. Sliders: 0, Feature Sliders: 0, Add Sliders: 0, Promotion Sliders: 0, AcceptancePayments: 0, Categories: 3, Brands: 0, Top Deals: 0, Featured Products: 0
INFO 2025-11-30 05:35:56,928 project views User admin visited Home page. Sliders: 0, Feature Sliders: 0, Add Sliders: 0, Promotion Sliders: 0, AcceptancePayments: 0, Categories: 3, Brands: 0, Top Deals: 0, Featured Products: 0
INFO 2025-11-30 05:47:01,852 project views User admin visited Home page. Sliders: 0, Feature Sliders: 0, Add Sliders: 0, Promotion Sliders: 0, AcceptancePayments: 0, Categories: 3, Brands: 0, Top Deals: 0, Featured Products: 0
INFO 2025-11-30 05:49:13,596 project views User admin visited Home page. Sliders: 0, Feature Sliders: 0, Add Sliders: 0, Promotion Sliders: 0, AcceptancePayments: 0, Categories: 3, Brands: 6, Top Deals: 0, Featured Products: 0
INFO 2025-11-30 06:10:03,873 project views User admin visited Home page. Sliders: 0, Feature Sliders: 0, Add Sliders: 0, Promotion Sliders: 0, AcceptancePayments: 0, Categories: 3, Brands: 6, Top Deals: 0, Featured Products: 0
INFO 2025-11-30 06:24:10,690 project views User admin visited Home page. Sliders: 0, Feature Sliders: 0, Add Sliders: 0, Promotion Sliders: 0, AcceptancePayments: 0, Categories: 3, Brands: 6, Top Deals: 0, Featured Products: 0
INFO 2025-11-30 07:04:38,356 project views User admin visited Home page. Sliders: 0, Feature Sliders: 0, Add Sliders: 0, Promotion Sliders: 0, AcceptancePayments: 0, Categories: 3, Brands: 6, Top Deals: 1, Featured Products: 1
INFO 2025-11-30 07:06:07,823 project views User admin visited Home page. Sliders: 0, Feature Sliders: 0, Add Sliders: 0, Promotion Sliders: 0, AcceptancePayments: 0, Categories: 3, Brands: 6, Top Deals: 1, Featured Products: 5
INFO 2025-11-30 07:08:16,840 project views User admin visited Home page. Sliders: 0, Feature Sliders: 0, Add Sliders: 0, Promotion Sliders: 0, AcceptancePayments: 0, Categories: 3, Brands: 6, Top Deals: 2, Featured Products: 5
INFO 2025-11-30 07:10:56,523 project views User admin visited Home page. Sliders: 0, Feature Sliders: 0, Add Sliders: 0, Promotion Sliders: 0, AcceptancePayments: 0, Categories: 3, Brands: 6, Top Deals: 4, Featured Products: 5
INFO 2025-11-30 07:12:09,773 project views User admin visited Home page. Sliders: 0, Feature Sliders: 0, Add Sliders: 0, Promotion Sliders: 0, AcceptancePayments: 0, Categories: 3, Brands: 6, Top Deals: 5, Featured Products: 5
INFO 2025-11-30 07:14:56,179 project views User admin visited Home page. Sliders: 0, Feature Sliders: 0, Add Sliders: 0, Promotion Sliders: 0, AcceptancePayments: 0, Categories: 3, Brands: 6, Top Deals: 5, Featured Products: 5
INFO 2025-11-30 07:22:52,837 project views User admin visited Home page. Sliders: 0, Feature Sliders: 0, Add Sliders: 0, Promotion Sliders: 0, AcceptancePayments: 1, Categories: 3, Brands: 6, Top Deals: 5, Featured Products: 5
INFO 2025-11-30 07:30:02,853 project views User admin visited Home page. Sliders: 0, Feature Sliders: 0, Add Sliders: 0, Promotion Sliders: 0, AcceptancePayments: 1, Categories: 3, Brands: 6, Top Deals: 5, Featured Products: 5
INFO 2025-11-30 07:32:58,640 project views User admin visited Home page. Sliders: 0, Feature Sliders: 0, Add Sliders: 0, Promotion Sliders: 0, AcceptancePayments: 2, Categories: 3, Brands: 6, Top Deals: 5, Featured Products: 5
INFO 2025-11-30 07:33:53,797 project views User admin visited Home page. Sliders: 0, Feature Sliders: 0, Add Sliders: 0, Promotion Sliders: 0, AcceptancePayments: 2, Categories: 3, Brands: 6, Top Deals: 5, Featured Products: 5
INFO 2025-11-30 07:36:44,090 project views User admin visited Home page. Sliders: 0, Feature Sliders: 0, Add Sliders: 0, Promotion Sliders: 0, AcceptancePayments: 4, Categories: 3, Brands: 6, Top Deals: 5, Featured Products: 5
INFO 2025-11-30 07:37:45,300 project views User admin visited Home page. Sliders: 0, Feature Sliders: 0, Add Sliders: 0, Promotion Sliders: 0, AcceptancePayments: 4, Categories: 3, Brands: 6, Top Deals: 5, Featured Products: 5
INFO 2025-11-30 07:41:56,736 project views User admin visited Home page. Sliders: 0, Feature Sliders: 0, Add Sliders: 0, Promotion Sliders: 0, AcceptancePayments: 4, Categories: 3, Brands: 6, Top Deals: 5, Featured Products: 5
INFO 2025-11-30 07:42:27,678 project views User admin visited Home page. Sliders: 0, Feature Sliders: 0, Add Sliders: 0, Promotion Sliders: 0, AcceptancePayments: 4, Categories: 3, Brands: 6, Top Deals: 5, Featured Products: 5
INFO 2025-11-30 07:48:58,357 project views User admin visited Home page. Sliders: 1, Feature Sliders: 0, Add Sliders: 0, Promotion Sliders: 0, AcceptancePayments: 4, Categories: 3, Brands: 6, Top Deals: 5, Featured Products: 5
INFO 2025-11-30 07:51:12,739 project views User admin visited Home page. Sliders: 1, Feature Sliders: 0, Add Sliders: 0, Promotion Sliders: 0, AcceptancePayments: 4, Categories: 3, Brands: 6, Top Deals: 5, Featured Products: 5
INFO 2025-11-30 07:54:42,578 project views User admin visited Home page. Sliders: 2, Feature Sliders: 0, Add Sliders: 0, Promotion Sliders: 0, AcceptancePayments: 4, Categories: 3, Brands: 6, Top Deals: 5, Featured Products: 5
INFO 2025-11-30 08:00:12,802 project views User admin visited Home page. Sliders: 4, Feature Sliders: 1, Add Sliders: 0, Promotion Sliders: 0, AcceptancePayments: 4, Categories: 3, Brands: 6, Top Deals: 5, Featured Products: 5
INFO 2025-11-30 08:02:12,667 project views User admin visited Home page. Sliders: 4, Feature Sliders: 2, Add Sliders: 0, Promotion Sliders: 0, AcceptancePayments: 4, Categories: 3, Brands: 6, Top Deals: 5, Featured Products: 5
INFO 2025-11-30 08:04:22,181 project views User admin visited Home page. Sliders: 4, Feature Sliders: 3, Add Sliders: 0, Promotion Sliders: 0, AcceptancePayments: 4, Categories: 3, Brands: 6, Top Deals: 5, Featured Products: 5
INFO 2025-11-30 08:06:11,751 project views User admin visited Home page. Sliders: 4, Feature Sliders: 4, Add Sliders: 0, Promotion Sliders: 0, AcceptancePayments: 4, Categories: 3, Brands: 6, Top Deals: 5, Featured Products: 5
INFO 2025-11-30 08:08:57,532 project views User admin visited Home page. Sliders: 4, Feature Sliders: 4, Add Sliders: 1, Promotion Sliders: 0, AcceptancePayments: 4, Categories: 3, Brands: 6, Top Deals: 5, Featured Products: 5
INFO 2025-11-30 08:10:37,782 project views User admin visited Home page. Sliders: 4, Feature Sliders: 4, Add Sliders: 2, Promotion Sliders: 0, AcceptancePayments: 4, Categories: 3, Brands: 6, Top Deals: 5, Featured Products: 5
INFO 2025-11-30 08:11:44,186 project views User admin visited Home page. Sliders: 4, Feature Sliders: 4, Add Sliders: 2, Promotion Sliders: 0, AcceptancePayments: 4, Categories: 3, Brands: 6, Top Deals: 5, Featured Products: 5
INFO 2025-11-30 08:16:07,567 project views User admin visited Home page. Sliders: 4, Feature Sliders: 4, Add Sliders: 2, Promotion Sliders: 1, AcceptancePayments: 4, Categories: 3, Brands: 6, Top Deals: 5, Featured Products: 5
INFO 2025-11-30 08:18:15,285 project views User admin visited Home page. Sliders: 4, Feature Sliders: 4, Add Sliders: 2, Promotion Sliders: 2, AcceptancePayments: 4, Categories: 3, Brands: 6, Top Deals: 5, Featured Products: 5
INFO 2025-11-30 08:20:29,522 project views User admin visited Home page. Sliders: 4, Feature Sliders: 4, Add Sliders: 2, Promotion Sliders: 3, AcceptancePayments: 4, Categories: 3, Brands: 6, Top Deals: 5, Featured Products: 5
INFO 2025-11-30 08:23:36,102 project views User admin visited Home page. Sliders: 4, Feature Sliders: 4, Add Sliders: 2, Promotion Sliders: 3, AcceptancePayments: 4, Categories: 3, Brands: 6, Top Deals: 5, Featured Products: 5
INFO 2025-11-30 08:24:11,262 project views User admin visited Home page. Sliders: 4, Feature Sliders: 4, Add Sliders: 2, Promotion Sliders: 3, AcceptancePayments: 4, Categories: 3, Brands: 6, Top Deals: 5, Featured Products: 5
INFO 2025-11-30 08:24:54,735 project views User admin visited Home page. Sliders: 4, Feature Sliders: 4, Add Sliders: 2, Promotion Sliders: 3, AcceptancePayments: 4, Categories: 3, Brands: 6, Top Deals: 5, Featured Products: 5
INFO 2025-11-30 08:30:06,524 project views User admin visited Home page. Sliders: 4, Feature Sliders: 4, Add Sliders: 2, Promotion Sliders: 3, AcceptancePayments: 4, Categories: 3, Brands: 6, Top Deals: 5, Featured Products: 5
INFO 2025-11-30 08:30:44,216 project views User admin visited Home page. Sliders: 4, Feature Sliders: 4, Add Sliders: 2, Promotion Sliders: 3, AcceptancePayments: 4, Categories: 3, Brands: 6, Top Deals: 5, Featured Products: 5
INFO 2025-11-30 08:31:23,253 project views User admin visited Home page. Sliders: 4, Feature Sliders: 4, Add Sliders: 2, Promotion Sliders: 3, AcceptancePayments: 4, Categories: 3, Brands: 6, Top Deals: 5, Featured Products: 5
INFO 2025-11-30 08:33:50,830 project views User admin visited Home page. Sliders: 4, Feature Sliders: 4, Add Sliders: 2, Promotion Sliders: 3, AcceptancePayments: 4, Categories: 3, Brands: 6, Top Deals: 5, Featured Products: 5
INFO 2025-11-30 08:34:21,981 project views User admin visited Home page. Sliders: 4, Feature Sliders: 4, Add Sliders: 2, Promotion Sliders: 3, AcceptancePayments: 4, Categories: 3, Brands: 6, Top Deals: 5, Featured Products: 5
INFO 2025-11-30 08:34:31,242 project views User admin visited Home page. Sliders: 4, Feature Sliders: 4, Add Sliders: 2, Promotion Sliders: 3, AcceptancePayments: 4, Categories: 3, Brands: 6, Top Deals: 5, Featured Products: 5
INFO 2025-11-30 08:45:26,590 project views User admin visited Home page. Sliders: 4, Feature Sliders: 4, Add Sliders: 2, Promotion Sliders: 3, AcceptancePayments: 4, Categories: 3, Brands: 6, Top Deals: 5, Featured Products: 5
INFO 2025-11-30 08:48:32,079 project views User admin visited Home page. Sliders: 4, Feature Sliders: 4, Add Sliders: 2, Promotion Sliders: 3, AcceptancePayments: 4, Categories: 3, Brands: 6, Top Deals: 5, Featured Products: 5
INFO 2025-11-30 08:49:49,600 project views User admin visited Home page. Sliders: 4, Feature Sliders: 4, Add Sliders: 2, Promotion Sliders: 3, AcceptancePayments: 4, Categories: 3, Brands: 6, Top Deals: 5, Featured Products: 5
INFO 2025-11-30 08:54:07,163 project views User admin visited Home page. Sliders: 4, Feature Sliders: 4, Add Sliders: 2, Promotion Sliders: 3, AcceptancePayments: 4, Categories: 3, Brands: 6, Top Deals: 5, Featured Products: 5
INFO 2025-11-30 08:54:43,138 project views User admin visited Home page. Sliders: 4, Feature Sliders: 4, Add Sliders: 2, Promotion Sliders: 3, AcceptancePayments: 4, Categories: 3, Brands: 6, Top Deals: 5, Featured Products: 5
INFO 2025-11-30 08:55:03,101 project views User admin visited Home page. Sliders: 4, Feature Sliders: 4, Add Sliders: 2, Promotion Sliders: 3, AcceptancePayments: 4, Categories: 3, Brands: 6, Top Deals: 5, Featured Products: 5
INFO 2025-11-30 08:56:04,888 project views User admin visited Home page. Sliders: 4, Feature Sliders: 4, Add Sliders: 2, Promotion Sliders: 3, AcceptancePayments: 4, Categories: 3, Brands: 6, Top Deals: 5, Featured Products: 5
INFO 2025-11-30 08:58:21,222 project views User admin visited Home page. Sliders: 4, Feature Sliders: 4, Add Sliders: 2, Promotion Sliders: 3, AcceptancePayments: 4, Categories: 3, Brands: 6, Top Deals: 5, Featured Products: 5
INFO 2025-11-30 08:59:26,384 project views User admin visited Home page. Sliders: 4, Feature Sliders: 4, Add Sliders: 2, Promotion Sliders: 3, AcceptancePayments: 4, Categories: 3, Brands: 6, Top Deals: 5, Featured Products: 5
INFO 2025-11-30 09:00:03,614 project views User admin visited Home page. Sliders: 4, Feature Sliders: 4, Add Sliders: 2, Promotion Sliders: 3, AcceptancePayments: 4, Categories: 3, Brands: 6, Top Deals: 5, Featured Products: 5
INFO 2025-11-30 09:00:20,982 project views User Anonymous visited Home page. Sliders: 4, Feature Sliders: 4, Add Sliders: 2, Promotion Sliders: 3, AcceptancePayments: 4, Categories: 3, Brands: 6, Top Deals: 5, Featured Products: 5
INFO 2025-11-30 09:01:15,277 project views User admin visited Home page. Sliders: 4, Feature Sliders: 4, Add Sliders: 2, Promotion Sliders: 3, AcceptancePayments: 4, Categories: 3, Brands: 6, Top Deals: 5, Featured Products: 5
INFO 2025-11-30 09:02:08,364 project views User Anonymous visited Home page. Sliders: 4, Feature Sliders: 4, Add Sliders: 2, Promotion Sliders: 3, AcceptancePayments: 4, Categories: 3, Brands: 6, Top Deals: 5, Featured Products: 5
INFO 2025-11-30 09:02:36,310 project views User Anonymous visited Home page. Sliders: 4, Feature Sliders: 4, Add Sliders: 2, Promotion Sliders: 3, AcceptancePayments: 4, Categories: 3, Brands: 6, Top Deals: 5, Featured Products: 5
INFO 2025-11-30 09:04:55,482 project views User admin visited Home page. Sliders: 4, Feature Sliders: 4, Add Sliders: 2, Promotion Sliders: 3, AcceptancePayments: 4, Categories: 3, Brands: 6, Top Deals: 5, Featured Products: 5
INFO 2025-11-30 09:06:41,633 project views User Anonymous visited Home page. Sliders: 4, Feature Sliders: 4, Add Sliders: 2, Promotion Sliders: 3, AcceptancePayments: 4, Categories: 3, Brands: 6, Top Deals: 5, Featured Products: 5
INFO 2025-11-30 10:26:55,259 project views User admin visited Home page. Sliders: 4, Feature Sliders: 4, Add Sliders: 2, Promotion Sliders: 3, AcceptancePayments: 4, Categories: 3, Brands: 6, Top Deals: 5, Featured Products: 5
INFO 2025-11-30 10:28:27,108 project views User admin visited Home page. Sliders: 4, Feature Sliders: 4, Add Sliders: 2, Promotion Sliders: 3, AcceptancePayments: 4, Categories: 3, Brands: 6, Top Deals: 5, Featured Products: 5
INFO 2025-11-30 10:30:03,688 project views User admin visited Home page. Sliders: 4, Feature Sliders: 4, Add Sliders: 2, Promotion Sliders: 3, AcceptancePayments: 4, Categories: 3, Brands: 6, Top Deals: 5, Featured Products: 5
INFO 2025-11-30 11:41:38,393 project views User admin visited Home page. Sliders: 4, Feature Sliders: 4, Add Sliders: 2, Promotion Sliders: 3, AcceptancePayments: 4, Categories: 3, Brands: 6, Top Deals: 5, Featured Products: 5
INFO 2025-11-30 12:33:04,596 project views User admin visited Home page. Sliders: 4, Feature Sliders: 4, Add Sliders: 2, Promotion Sliders: 3, AcceptancePayments: 4, Categories: 3, Brands: 6, Top Deals: 5, Featured Products: 5
INFO 2025-11-30 12:33:05,673 project views User admin visited Home page. Sliders: 4, Feature Sliders: 4, Add Sliders: 2, Promotion Sliders: 3, AcceptancePayments: 4, Categories: 3, Brands: 6, Top Deals: 5, Featured Products: 5
DEBUG 2025-11-30 18:08:57,309 project views User admin visited Home page. Sliders: 4, Feature Sliders: 4, Add Sliders: 2, Promo Sliders: 3, AcceptancePayments: 4, Categories: 3, Brands: 6, Top Deals: 5, Featured Products: 5
DEBUG 2025-11-30 18:13:24,904 project views User admin visited Home page. Sliders: 4, Feature Sliders: 4, Add Sliders: 2, Promo Sliders: 3, AcceptancePayments: 4, Categories: 3, Brands: 6, Top Deals: 5, Featured Products: 5
DEBUG 2025-11-30 18:14:47,526 project views User admin visited Home page. Sliders: 4, Feature Sliders: 4, Add Sliders: 2, Promo Sliders: 3, AcceptancePayments: 4, Categories: 3, Brands: 6, Top Deals: 5, Featured Products: 5
DEBUG 2025-11-30 18:19:07,521 project views User admin visited Home page. Sliders: 4, Feature Sliders: 4, Add Sliders: 2, Promo Sliders: 3, AcceptancePayments: 4, Categories: 3, Brands: 6, Top Deals: 5, Featured Products: 5
DEBUG 2025-11-30 18:20:34,040 project views User admin visited Home page. Sliders: 4, Feature Sliders: 4, Add Sliders: 2, Promo Sliders: 3, AcceptancePayments: 4, Categories: 3, Brands: 6, Top Deals: 5, Featured Products: 5
DEBUG 2025-11-30 18:20:52,281 project views User admin visited Home page. Sliders: 4, Feature Sliders: 4, Add Sliders: 2, Promo Sliders: 3, AcceptancePayments: 4, Categories: 3, Brands: 6, Top Deals: 5, Featured Products: 5
DEBUG 2025-11-30 18:57:00,875 project views User admin visited Home page. Sliders: 4, Feature Sliders: 4, Add Sliders: 2, Promo Sliders: 3, AcceptancePayments: 4, Categories: 3, Brands: 6, Top Deals: 5, Featured Products: 5
DEBUG 2025-11-30 18:59:01,502 project views User admin visited Home page. Sliders: 4, Feature Sliders: 4, Add Sliders: 2, Promo Sliders: 3, AcceptancePayments: 4, Categories: 3, Brands: 6, Top Deals: 5, Featured Products: 5
DEBUG 2025-11-30 19:01:36,227 project views User admin visited Home page. Sliders: 4, Feature Sliders: 4, Add Sliders: 2, Promo Sliders: 3, AcceptancePayments: 4, Categories: 3, Brands: 6, Top Deals: 6, Featured Products: 6
DEBUG 2025-11-30 19:03:30,480 project views User admin visited Home page. Sliders: 4, Feature Sliders: 4, Add Sliders: 2, Promo Sliders: 3, AcceptancePayments: 4, Categories: 3, Brands: 6, Top Deals: 6, Featured Products: 5
DEBUG 2025-11-30 19:05:59,177 project views User admin visited Home page. Sliders: 4, Feature Sliders: 4, Add Sliders: 2, Promo Sliders: 3, AcceptancePayments: 4, Categories: 3, Brands: 6, Top Deals: 6, Featured Products: 5
DEBUG 2025-11-30 19:06:11,441 project views User admin visited Home page. Sliders: 4, Feature Sliders: 4, Add Sliders: 2, Promo Sliders: 3, AcceptancePayments: 4, Categories: 3, Brands: 6, Top Deals: 6, Featured Products: 5
INFO 2025-12-18 16:32:36,016 project views User Anonymous visited ProductDetail page. Product: Exclusive Design Readymade Georgette Embroidered Party Dress02 (ID: 1), Variant: 1, Related Products: 3
INFO 2025-12-18 16:32:40,177 project views User Anonymous visited Home page. Sliders: 5, Feature Sliders: 4, Add Sliders: 2, Promo Sliders: 3, Brands: 5, Categories: 3, Top Deals: 6, Featured Products: 5
INFO 2025-12-18 16:32:46,620 project views User Anonymous visited ProductDetail page. Product: Exclusive Design Readymade Georgette Embroidered Party Dress02 (ID: 1), Variant: 1, Related Products: 3
INFO 2025-12-18 16:33:18,274 project views User Anonymous visited ProductDetail page. Product: Exclusive Desighn Indian Handmade new designer embroidery (ID: 2), Variant: 4, Related Products: 3
INFO 2025-12-18 16:33:48,652 project views User admin visited ProductDetail page. Product: Exclusive Desighn Indian Handmade new designer embroidery (ID: 2), Variant: 4, Related Products: 3
INFO 2025-12-18 16:33:52,020 project views User admin added Product 2 - Exclusive Desighn Indian Handmade new designer embroidery to cart, quantity: 1.
INFO 2025-12-18 16:35:24,621 project views User admin visited Shop page. Page: 1, Products on page: 8
INFO 2025-12-18 16:39:35,900 project views User admin visited Shop page. Page: 1, Products on page: 8
INFO 2025-12-18 16:41:49,828 project views User admin visited Shop page. Page: 1, Products on page: 8
INFO 2025-12-18 16:43:02,112 project views User admin visited Shop page. Page: 1, Products on page: 8
INFO 2025-12-18 16:47:11,996 project views User admin visited Shop page. Page: 1, Products on page: 8
INFO 2025-12-18 16:48:07,135 project views User admin visited Shop page. Page: 1, Products on page: 8
INFO 2025-12-18 16:50:24,591 project views User admin visited Shop page. Page: 1, Products on page: 8
INFO 2025-12-18 16:51:39,209 project views User admin visited Shop page. Page: 1, Products on page: 8
INFO 2025-12-18 16:54:29,407 project views User admin visited Home page. Sliders: 5, Feature Sliders: 4, Add Sliders: 2, Promo Sliders: 3, Brands: 5, Categories: 3, Top Deals: 6, Featured Products: 5
INFO 2025-12-18 16:54:53,735 project views User admin visited Home page. Sliders: 5, Feature Sliders: 4, Add Sliders: 2, Promo Sliders: 3, Brands: 5, Categories: 3, Top Deals: 6, Featured Products: 5
INFO 2025-12-18 16:59:31,163 project views User admin visited Home page. Sliders: 5, Feature Sliders: 4, Add Sliders: 2, Promo Sliders: 3, Brands: 5, Categories: 3, Top Deals: 6, Featured Products: 5
INFO 2025-12-18 16:59:33,633 project views User admin visited Shop page. Page: 1, Products on page: 8
INFO 2025-12-18 17:02:24,651 project views User admin visited Shop page. Page: 1, Products on page: 8
INFO 2025-12-18 17:03:29,297 project views User admin visited Shop page. Page: 1, Products on page: 8
INFO 2025-12-18 17:06:19,713 project views User admin visited Shop page. Page: 1, Products on page: 8
INFO 2025-12-18 17:11:26,449 project views User admin visited Shop page. Page: 1, Products on page: 8
INFO 2025-12-18 17:15:56,678 project views User admin visited Shop page. Page: 1, Products on page: 8
INFO 2025-12-18 17:16:06,250 project views User admin visited Home page. Sliders: 5, Feature Sliders: 4, Add Sliders: 2, Promo Sliders: 3, Brands: 5, Categories: 3, Top Deals: 6, Featured Products: 5
INFO 2025-12-18 17:16:42,376 project views User admin visited ProductDetail page. Product: Most Demanding 2-Pices Dress AC cotton TWO Piece Stitched (ID: 5), Variant: 13, Related Products: 0
INFO 2025-12-18 17:16:50,802 project views User admin visited Home page. Sliders: 5, Feature Sliders: 4, Add Sliders: 2, Promo Sliders: 3, Brands: 5, Categories: 3, Top Deals: 6, Featured Products: 5
INFO 2025-12-18 17:16:52,907 project views User admin visited ProductDetail page. Product: Exclusive Design Readymade Georgette Embroidered Party Dress02 (ID: 1), Variant: 1, Related Products: 3
INFO 2025-12-18 17:19:42,059 project views User admin visited ProductDetail page. Product: Exclusive Design Readymade Georgette Embroidered Party Dress02 (ID: 1), Variant: 1, Related Products: 3
INFO 2025-12-18 17:19:47,925 project views User admin visited Shop page. Page: 1, Products on page: 8
INFO 2025-12-18 17:21:03,366 project views User admin visited Shop page. Page: 1, Products on page: 8
INFO 2025-12-18 17:21:28,396 project views User admin visited Shop page. Page: 1, Products on page: 8
INFO 2025-12-18 17:24:00,109 project views User admin visited Shop page. Page: 1, Products on page: 8
INFO 2025-12-18 17:25:57,530 project views User admin visited Shop page. Page: 1, Products on page: 8
INFO 2025-12-18 17:27:19,326 project views User admin visited Shop page. Page: 1, Products on page: 8
INFO 2025-12-18 17:27:52,593 project views User admin visited Shop page. Page: 1, Products on page: 8
INFO 2025-12-18 17:41:42,710 project views User admin visited Shop page. Page: 1, Products on page: 8, Sorting: latest
INFO 2025-12-18 17:42:11,966 project views User admin visited Shop page. Page: 1, Products on page: 8, Sorting: new
INFO 2025-12-18 17:42:24,509 project views User admin visited Shop page. Page: 1, Products on page: 8, Sorting: upcoming
INFO 2025-12-18 17:48:10,890 project views User admin visited Home page. Sliders: 5, Feature Sliders: 4, Add Sliders: 2, Promo Sliders: 3, Brands: 5, Categories: 3, Top Deals: 6, Featured Products: 5
INFO 2025-12-18 19:17:43,348 project views User admin visited Home page. Sliders: 5, Feature Sliders: 4, Add Sliders: 2, Promo Sliders: 3, Brands: 5, Categories: 3, Top Deals: 6, Featured Products: 5
INFO 2025-12-18 19:18:34,292 project views User admin visited Home page. Sliders: 5, Feature Sliders: 4, Add Sliders: 2, Promo Sliders: 3, Brands: 5, Categories: 3, Top Deals: 6, Featured Products: 5
INFO 2025-12-18 19:18:39,273 project views User admin visited Home page. Sliders: 5, Feature Sliders: 4, Add Sliders: 2, Promo Sliders: 3, Brands: 5, Categories: 3, Top Deals: 6, Featured Products: 5
INFO 2025-12-18 19:40:48,071 project views User admin visited Home page. Sliders: 5, Feature Sliders: 4, Add Sliders: 2, Promo Sliders: 3, Brands: 5, Categories: 3, Top Deals: 6, Featured Products: 5
INFO 2025-12-18 19:41:20,785 project views User admin visited Home page. Sliders: 5, Feature Sliders: 4, Add Sliders: 2, Promo Sliders: 3, Brands: 5, Categories: 3, Top Deals: 6, Featured Products: 5
INFO 2025-12-18 19:42:26,417 project views User admin visited Home page. Sliders: 5, Feature Sliders: 4, Add Sliders: 2, Promo Sliders: 3, Brands: 5, Categories: 3, Top Deals: 6, Featured Products: 5
INFO 2025-12-18 19:42:28,975 project views User admin visited Home page. Sliders: 5, Feature Sliders: 4, Add Sliders: 2, Promo Sliders: 3, Brands: 5, Categories: 3, Top Deals: 6, Featured Products: 5
INFO 2025-12-18 21:31:42,636 project views User admin visited Home page. Sliders: 5, Feature Sliders: 4, Add Sliders: 2, Promo Sliders: 3, Brands: 5, Categories: 3, Top Deals: 6, Featured Products: 5
INFO 2025-12-18 22:55:58,199 project views User Anonymous visited Home page. Sliders: 5, Feature Sliders: 4, Add Sliders: 2, Promo Sliders: 3, Brands: 5, Categories: 3, Top Deals: 6, Featured Products: 5
INFO 2025-12-18 22:56:06,731 project views User Anonymous visited Home page. Sliders: 5, Feature Sliders: 4, Add Sliders: 2, Promo Sliders: 3, Brands: 5, Categories: 3, Top Deals: 6, Featured Products: 5
INFO 2025-12-18 23:01:23,739 project views User admin visited Home page. Sliders: 5, Feature Sliders: 4, Add Sliders: 2, Promo Sliders: 3, Brands: 5, Categories: 3, Top Deals: 6, Featured Products: 5
INFO 2025-12-18 23:02:52,085 project views User admin visited Home page. Sliders: 5, Feature Sliders: 4, Add Sliders: 2, Promo Sliders: 3, Brands: 5, Categories: 3, Top Deals: 6, Featured Products: 5
INFO 2025-12-18 23:04:14,545 project views User admin visited Home page. Sliders: 5, Feature Sliders: 4, Add Sliders: 2, Promo Sliders: 3, Brands: 5, Categories: 3, Top Deals: 6, Featured Products: 5
INFO 2025-12-18 23:04:26,263 project views User admin visited Home page. Sliders: 5, Feature Sliders: 4, Add Sliders: 2, Promo Sliders: 3, Brands: 5, Categories: 3, Top Deals: 6, Featured Products: 5
INFO 2025-12-18 23:04:38,846 project views User admin visited Home page. Sliders: 5, Feature Sliders: 4, Add Sliders: 2, Promo Sliders: 3, Brands: 5, Categories: 3, Top Deals: 6, Featured Products: 5
INFO 2025-12-18 23:04:56,727 project views User admin visited Home page. Sliders: 5, Feature Sliders: 4, Add Sliders: 2, Promo Sliders: 3, Brands: 5, Categories: 3, Top Deals: 6, Featured Products: 5
INFO 2025-12-18 23:08:48,205 project views User admin visited Home page. Sliders: 5, Feature Sliders: 4, Add Sliders: 2, Promo Sliders: 3, Brands: 5, Categories: 3, Top Deals: 6, Featured Products: 5
INFO 2025-12-18 23:08:51,762 project views User admin visited Home page. Sliders: 5, Feature Sliders: 4, Add Sliders: 2, Promo Sliders: 3, Brands: 5, Categories: 3, Top Deals: 6, Featured Products: 5
INFO 2025-12-18 23:09:44,427 project views User admin visited Home page. Sliders: 5, Feature Sliders: 4, Add Sliders: 2, Promo Sliders: 3, Brands: 5, Categories: 3, Top Deals: 6, Featured Products: 5
INFO 2025-12-18 23:11:59,663 project views User admin visited Home page. Sliders: 5, Feature Sliders: 4, Add Sliders: 2, Promo Sliders: 3, Brands: 5, Categories: 3, Top Deals: 6, Featured Products: 5
INFO 2025-12-18 23:22:57,155 project views User admin visited Home page. Sliders: 5, Feature Sliders: 4, Add Sliders: 2, Promo Sliders: 3, Brands: 5, Categories: 3, Top Deals: 6, Featured Products: 5
INFO 2025-12-18 23:48:07,911 project views User admin visited Home page. Sliders: 5, Feature Sliders: 4, Add Sliders: 2, Promo Sliders: 3, Brands: 5, Categories: 3, Top Deals: 6, Featured Products: 5
INFO 2025-12-18 23:54:56,092 project views User admin visited Home page. Sliders: 5, Feature Sliders: 4, Add Sliders: 2, Promo Sliders: 3, Brands: 5, Categories: 3, Top Deals: 6, Featured Products: 5
